<?xml version="1.0" encoding="UTF-8"?>
<testsuite xmlns:xsi="http://www.w3.org/2001/XMLSchema-instance" xsi:noNamespaceSchemaLocation="https://maven.apache.org/surefire/maven-surefire-plugin/xsd/surefire-test-report-3.0.xsd" version="3.0" name="fr.univtln.m1im.png.AppTest" time="4.258" tests="1" errors="0" skipped="0" failures="0">
  <properties>
[...]
</properties>
  <testcase name="testApp" classname="fr.univtln.m1im.png.AppTest" time="3.995">
    <system-out><![CDATA[2025-04-13 01:16:13 [main] INFO  fr.univtln.m1im.png.Utils - Starting EntityManagerFactory initialization
2025-04-13 01:16:13 [main] INFO  fr.univtln.m1im.png.Utils - Initializing EntityManagerFactory
2025-04-13 01:16:17 [main] INFO  fr.univtln.m1im.png.Utils - EntityManagerFactory initialized successfully
2025-04-13 01:16:17 [main] INFO  fr.univtln.m1im.png.AppTest - Persisting entities
2025-04-13 01:16:17 [main] INFO  fr.univtln.m1im.png.AppTest - Entities persisted successfully
2025-04-13 01:16:17 [main] INFO  fr.univtln.m1im.png.AppTest - TEST1
2025-04-13 01:16:17 [main] INFO  fr.univtln.m1im.png.AppTest - Le créneau ne peut pas être inséré car il y a un conflit avec la salle T001
2025-04-13 01:16:17 [main] INFO  fr.univtln.m1im.png.AppTest - Le créneau a été inséré
2025-04-13 01:16:17 [main] INFO  fr.univtln.m1im.png.AppTest - Le créneau ne peut pas être inséré car il y a un conflit avec le professeur Nom2 Prenom2
]]></system-out>
    <system-err><![CDATA[Hello World!
]]></system-err>
  </testcase>
</testsuite>